<?xml version="1.0" encoding="UTF-8"?>
<!-- Generated by org.testng.reporters.JUnitReportReporter -->
<testsuite hostname="DESKTOP-2E4JKQ5" failures="0" tests="1" name="com.pra.Test.FirstTest" time="16.484" errors="0" timestamp="2022-10-28T15:55:04 IST" skipped="0">
  <testcase classname="com.pra.Test.FirstTest" name="testGoogle" time="16.484"/>
  <system-out/>
</testsuite> <!-- com.pra.Test.FirstTest -->
